2025-02-01 21:58:24 INFO     {'id': 'singleInverter_5K_T58-001', 'inverter': {'model': 'X1-HYBRID-5.0-D', 'quantity': 1, 'nominalVoltageV': 220, 'ratedPowerW': 5000, 'peakPowerW': 7500}, 'battery': {'model': 'T58', 'quantity': 1, 'powerW': 2875, 'availableEnergyWh': 5175}, 'accessories': [{'model': None, 'quantity': 0}], 'comments': ['Para operar na potência nominal e de pico (10 segundos) será necessário ter potência FV ( Potência Inversor - Potência Bateria ).']}
2025-02-01 21:58:40 INFO     {'id': 'singleInverter_5K_T58-001', 'inverter': {'model': 'X1-HYBRID-5.0-D', 'quantity': 1, 'nominalVoltageV': 220, 'ratedPowerW': 5000, 'peakPowerW': 7500}, 'battery': {'model': 'T58', 'quantity': 1, 'powerW': 2875, 'availableEnergyWh': 5175}, 'accessories': [{'model': None, 'quantity': 0}], 'comments': ['Para operar na potência nominal e de pico (10 segundos) será necessário ter potência FV ( Potência Inversor - Potência Bateria ).']}
2025-02-01 22:03:51 INFO     Carga | Pn: 200; Ppico: 200; En: 200
2025-02-01 22:03:51 INFO     {'id': 'singleInverter_5K_T58-001', 'inverter': {'model': 'X1-HYBRID-5.0-D', 'quantity': 1, 'nominalVoltageV': 220, 'ratedPowerW': 5000, 'peakPowerW': 7500}, 'battery': {'model': 'T58', 'quantity': 1, 'powerW': 2875, 'availableEnergyWh': 5175}, 'accessories': [{'model': None, 'quantity': 0}], 'comments': ['Para operar na potência nominal e de pico (10 segundos) será necessário ter potência FV ( Potência Inversor - Potência Bateria ).']}
2025-02-01 22:09:08 INFO      "Pn": 200; "Ppico": 200; "En": 200 
2025-02-01 22:09:08 INFO     {'id': 'singleInverter_5K_T58-001', 'inverter': {'model': 'X1-HYBRID-5.0-D', 'quantity': 1, 'nominalVoltageV': 220, 'ratedPowerW': 5000, 'peakPowerW': 7500}, 'battery': {'model': 'T58', 'quantity': 1, 'powerW': 2875, 'availableEnergyWh': 5175}, 'accessories': [{'model': None, 'quantity': 0}], 'comments': ['Para operar na potência nominal e de pico (10 segundos) será necessário ter potência FV ( Potência Inversor - Potência Bateria ).']}
2025-02-02 13:28:06 INFO     "Pn": 200; "Ppico": 200; "En": 200
2025-02-02 13:28:06 INFO     {'id': 'singleInverter_5K_T58-001', 'inverter': {'model': 'X1-HYBRID-5.0-D', 'quantity': 1, 'nominalVoltageV': 220, 'ratedPowerW': 5000, 'peakPowerW': 7500}, 'battery': {'model': 'T58', 'quantity': 1, 'powerW': 2875, 'availableEnergyWh': 5175}, 'accessories': [{'model': None, 'quantity': 0}], 'comments': ['Para operar na potência nominal e de pico (10 segundos) será necessário ter potência FV ( Potência Inversor - Potência Bateria ).']}
2025-02-02 13:33:44 INFO     "Pn": 200; "Ppico": 200; "En": 200
2025-02-02 13:33:44 INFO     {'id': 'singleInverter_5K_T58-001', 'inverter': {'model': 'X1-HYBRID-5.0-D', 'quantity': 1, 'nominalVoltageV': 220, 'ratedPowerW': 5000, 'peakPowerW': 7500}, 'battery': {'model': 'T58', 'quantity': 1, 'powerW': 2875, 'availableEnergyWh': 5175}, 'accessories': [{'model': None, 'quantity': 0}], 'comments': ['Para operar na potência nominal e de pico (10 segundos) será necessário ter potência FV ( Potência Inversor - Potência Bateria ).']}
2025-02-02 13:33:57 INFO     "Pn": 200; "Ppico": 200; "En": 200
2025-02-02 13:33:57 INFO     {'id': 'singleInverter_5K_T58-001', 'inverter': {'model': 'X1-HYBRID-5.0-D', 'quantity': 1, 'nominalVoltageV': 220, 'ratedPowerW': 5000, 'peakPowerW': 7500}, 'battery': {'model': 'T58', 'quantity': 1, 'powerW': 2875, 'availableEnergyWh': 5175}, 'accessories': [{'model': None, 'quantity': 0}], 'comments': ['Para operar na potência nominal e de pico (10 segundos) será necessário ter potência FV ( Potência Inversor - Potência Bateria ).']}
2025-02-02 13:34:01 INFO     "Pn": 200; "Ppico": 200; "En": 200
2025-02-02 13:34:01 INFO     {'id': 'singleInverter_5K_T58-001', 'inverter': {'model': 'X1-HYBRID-5.0-D', 'quantity': 1, 'nominalVoltageV': 220, 'ratedPowerW': 5000, 'peakPowerW': 7500}, 'battery': {'model': 'T58', 'quantity': 1, 'powerW': 2875, 'availableEnergyWh': 5175}, 'accessories': [{'model': None, 'quantity': 0}], 'comments': ['Para operar na potência nominal e de pico (10 segundos) será necessário ter potência FV ( Potência Inversor - Potência Bateria ).']}
2025-02-02 13:42:52 INFO     Solução não encontrada. Confira se os dados estão corretos
2025-02-02 14:07:19 INFO     "Pn": 200; "Ppico": 200; "Energia": 200
2025-02-02 14:07:19 INFO     {'id': 'singleInverter_5K_T58-001', 'inverter': {'model': 'X1-HYBRID-5.0-D', 'quantity': 1, 'nominalVoltageV': 220, 'ratedPowerW': 5000, 'peakPowerW': 7500}, 'battery': {'model': 'T58', 'quantity': 1, 'powerW': 2875, 'availableEnergyWh': 5175}, 'accessories': [{'model': None, 'quantity': 0}], 'comments': ['Para operar na potência nominal e de pico (10 segundos) será necessário ter potência FV ( Potência Inversor - Potência Bateria ).']}
2025-02-02 14:07:30 INFO     "Pn": 200; "Ppico": 200; "Energia": 200
2025-02-02 14:07:30 INFO     {'id': 'singleInverter_5K_T58-001', 'inverter': {'model': 'X1-HYBRID-5.0-D', 'quantity': 1, 'nominalVoltageV': 220, 'ratedPowerW': 5000, 'peakPowerW': 7500}, 'battery': {'model': 'T58', 'quantity': 1, 'powerW': 2875, 'availableEnergyWh': 5175}, 'accessories': [{'model': None, 'quantity': 0}], 'comments': ['Para operar na potência nominal e de pico (10 segundos) será necessário ter potência FV ( Potência Inversor - Potência Bateria ).']}
2025-02-02 14:07:33 INFO     "Pn": 200; "Ppico": 200; "Energia": 200
2025-02-02 14:07:33 INFO     {'id': 'singleInverter_5K_T58-001', 'inverter': {'model': 'X1-HYBRID-5.0-D', 'quantity': 1, 'nominalVoltageV': 220, 'ratedPowerW': 5000, 'peakPowerW': 7500}, 'battery': {'model': 'T58', 'quantity': 1, 'powerW': 2875, 'availableEnergyWh': 5175}, 'accessories': [{'model': None, 'quantity': 0}], 'comments': ['Para operar na potência nominal e de pico (10 segundos) será necessário ter potência FV ( Potência Inversor - Potência Bateria ).']}
2025-02-02 14:08:18 INFO     "Pn": 200; "Ppico": 200; "Energia": 200
2025-02-02 14:08:18 INFO     {'id': 'singleInverter_5K_T58-001', 'inverter': {'model': 'X1-HYBRID-5.0-D', 'quantity': 1, 'nominalVoltageV': 220, 'ratedPowerW': 5000, 'peakPowerW': 7500}, 'battery': {'model': 'T58', 'quantity': 1, 'powerW': 2875, 'availableEnergyWh': 5175}, 'accessories': [{'model': None, 'quantity': 0}], 'comments': ['Para operar na potência nominal e de pico (10 segundos) será necessário ter potência FV ( Potência Inversor - Potência Bateria ).']}
2025-02-02 14:14:17 INFO     "Pn": 200; "Ppico": 200; "Energia": 200
2025-02-02 14:14:17 INFO     {'id': 'singleInverter_5K_T58-001', 'inverter': {'model': 'X1-HYBRID-5.0-D', 'quantity': 1, 'nominalVoltageV': 220, 'ratedPowerW': 5000, 'peakPowerW': 7500}, 'battery': {'model': 'T58', 'quantity': 1, 'powerW': 2875, 'availableEnergyWh': 5175}, 'accessories': [{'model': None, 'quantity': 0}], 'comments': ['Para operar na potência nominal e de pico (10 segundos) será necessário ter potência FV ( Potência Inversor - Potência Bateria ).']}
2025-02-02 14:14:25 INFO     "Pn": 200; "Ppico": 200; "Energia": 200
2025-02-02 14:14:25 INFO     {'id': 'singleInverter_5K_T58-001', 'inverter': {'model': 'X1-HYBRID-5.0-D', 'quantity': 1, 'nominalVoltageV': 220, 'ratedPowerW': 5000, 'peakPowerW': 7500}, 'battery': {'model': 'T58', 'quantity': 1, 'powerW': 2875, 'availableEnergyWh': 5175}, 'accessories': [{'model': None, 'quantity': 0}], 'comments': ['Para operar na potência nominal e de pico (10 segundos) será necessário ter potência FV ( Potência Inversor - Potência Bateria ).']}
